  forgetpassword.cpp
C:\Users\User\Documents\oopProject\Projectoop\Backend.h(537,12): warning C4566: character represented by universal-character-name '\u2713' cannot be represented in the current code page (1252)
  (compiling source file 'forgetpassword.cpp')
  
C:\Users\User\Documents\oopProject\Projectoop\Backend.h(604,11): warning C4566: character represented by universal-character-name '\u2554' cannot be represented in the current code page (1252)
  (compiling source file 'forgetpassword.cpp')
  
C:\Users\User\Documents\oopProject\Projectoop\Backend.h(604,11): warning C4566: character represented by universal-character-name '\u2550' cannot be represented in the current code page (1252)
  (compiling source file 'forgetpassword.cpp')
  
C:\Users\User\Documents\oopProject\Projectoop\Backend.h(604,11): warning C4566: character represented by universal-character-name '\u2557' cannot be represented in the current code page (1252)
  (compiling source file 'forgetpassword.cpp')
  
C:\Users\User\Documents\oopProject\Projectoop\Backend.h(605,11): warning C4566: character represented by universal-character-name '\u2551' cannot be represented in the current code page (1252)
  (compiling source file 'forgetpassword.cpp')
  
C:\Users\User\Documents\oopProject\Projectoop\Backend.h(606,11): warning C4566: character represented by universal-character-name '\u255A' cannot be represented in the current code page (1252)
  (compiling source file 'forgetpassword.cpp')
  
C:\Users\User\Documents\oopProject\Projectoop\Backend.h(606,11): warning C4566: character represented by universal-character-name '\u2550' cannot be represented in the current code page (1252)
  (compiling source file 'forgetpassword.cpp')
  
C:\Users\User\Documents\oopProject\Projectoop\Backend.h(606,11): warning C4566: character represented by universal-character-name '\u255D' cannot be represented in the current code page (1252)
  (compiling source file 'forgetpassword.cpp')
  
C:\Users\User\Documents\oopProject\Projectoop\Backend.h(818,12): warning C4267: 'initializing': conversion from 'size_t' to 'int', possible loss of data
  (compiling source file 'forgetpassword.cpp')
  
  forgetpassword.obj : MSIL module encountered; incremental linking is disabled for MSIL; performing full link
  Projectoop.vcxproj -> C:\Users\User\Documents\oopProject\x64\Debug\Projectoop.exe
